<?xml version="1.0" encoding="UTF-8"?>
<!-- Generated by org.testng.reporters.JUnitXMLReporter -->
<testsuite ignored="0" hostname="DESKTOP-HOQ4F9L" failures="0" tests="6" name="Test" time="68.327" errors="0" timestamp="2022-08-17T01:21:29 IST">
  <testcase classname="tests.FourTest" name="fourTest" time="9.388"/>
  <testcase classname="tests.TwoTest" name="twoTest" time="10.144"/>
  <testcase classname="tests.LoginTest" name="login" time="7.225"/>
  <testcase classname="tests.LoginTest" name="login" time="17.069"/>
  <testcase classname="tests.ThreeTest" name="threeTest" time="9.601"/>
  <testcase classname="tests.OneTest" name="oneTest" time="7.45"/>
</testsuite> <!-- Test -->
