<?xml version="1.0" encoding="UTF-8"?>
<!-- Generated by org.testng.reporters.JUnitXMLReporter -->
<testsuite ignored="0" hostname="DESKTOP-HOQ4F9L" failures="0" tests="6" name="Test" time="31.44" errors="0" timestamp="2022-08-16T18:46:32 IST">
  <testcase classname="tests.FourTest" name="fourTest" time="0.005"/>
  <testcase classname="tests.TwoTest" name="twoTest" time="0.001"/>
  <testcase classname="tests.LoginTest" name="login" time="6.928"/>
  <testcase classname="tests.LoginTest" name="login" time="16.75"/>
  <testcase classname="tests.ThreeTest" name="threeTest" time="0.0"/>
  <testcase classname="tests.OneTest" name="oneTest" time="0.0"/>
</testsuite> <!-- Test -->
